# JRE version: OpenJDK Runtime Environment (21.0.9) (build 21.0.9+-14787801-b1163.94)
# Java VM: OpenJDK 64-Bit Server VM (21.0.9+-14787801-b1163.94, mixed mode, tiered, compressed oops, compressed class ptrs, g1 gc, windows-amd64)
GC Precious Log:
 CardTable entry size: 512
 Card Set container configuration: InlinePtr #cards 5 size 8 Array Of Cards #cards 12 size 40 Howl #buckets 4 coarsen threshold 1843 Howl Bitmap #cards 512 size 80 coarsen threshold 460 Card regions per heap region 1 cards per card region 2048
 CPUs: 2 total, 2 available
 Memory: 3920M
 Large Page Support: Disabled
 NUMA Support: Disabled
 Compressed Oops: Enabled (32-bit)
 Heap Region Size: 1M
 Heap Min Capacity: 8M
 Heap Initial Capacity: 62M
 Heap Max Capacity: 2G
 Pre-touch: Disabled
 Parallel Workers: 2
 Concurrent Workers: 1
 Concurrent Refinement Workers: 2
 Periodic GC: Disabled
Heap:
 garbage-first heap   total 63488K, used 37316K [0x0000000080000000, 0x0000000100000000)
  region size 1024K, 11 young (11264K), 4 survivors (4096K)
 Metaspace       used 48070K, committed 49344K, reserved 1114112K
  class space    used 6612K, committed 7232K, reserved 1048576K
GC Heap History (20 events):
Event: 18.805 GC heap before
{Heap before GC invocations=6 (full 0):
 garbage-first heap   total 63488K, used 49699K [0x0000000080000000, 0x0000000100000000)
  region size 1024K, 37 young (37888K), 1 survivors (1024K)
 Metaspace       used 12907K, committed 13120K, reserved 1114112K
  class space    used 1402K, committed 1472K, reserved 1048576K
}
Event: 18.812 GC heap after
{Heap after GC invocations=7 (full 0):
 garbage-first heap   total 63488K, used 13595K [0x0000000080000000, 0x0000000100000000)
  region size 1024K, 2 young (2048K), 2 survivors (2048K)
 Metaspace       used 12907K, committed 13120K, reserved 1114112K
  class space    used 1402K, committed 1472K, reserved 1048576K
}
Event: 25.882 GC heap before
{Heap before GC invocations=7 (full 0):
 garbage-first heap   total 63488K, used 51483K [0x0000000080000000, 0x0000000100000000)
  region size 1024K, 37 young (37888K), 2 survivors (2048K)
 Metaspace       used 19071K, committed 19328K, reserved 1114112K
  class space    used 2223K, committed 2368K, reserved 1048576K
}
Event: 25.911 GC heap after
{Heap after GC invocations=8 (full 0):
 garbage-first heap   total 63488K, used 20202K [0x0000000080000000, 0x0000000100000000)
  region size 1024K, 5 young (5120K), 5 survivors (5120K)
 Metaspace       used 19071K, committed 19328K, reserved 1114112K
  class space    used 2223K, committed 2368K, reserved 1048576K
}
Event: 27.516 GC heap before
{Heap before GC invocations=8 (full 0):
 garbage-first heap   total 63488K, used 26346K [0x0000000080000000, 0x0000000100000000)
  region size 1024K, 13 young (13312K), 5 survivors (5120K)
 Metaspace       used 21201K, committed 21504K, reserved 1114112K
  class space    used 2475K, committed 2624K, reserved 1048576K
}
Event: 27.538 GC heap after
{Heap after GC invocations=9 (full 0):
 garbage-first heap   total 63488K, used 21667K [0x0000000080000000, 0x0000000100000000)
  region size 1024K, 2 young (2048K), 2 survivors (2048K)
 Metaspace       used 21201K, committed 21504K, reserved 1114112K
  class space    used 2475K, committed 2624K, reserved 1048576K
}
Event: 31.577 GC heap before
{Heap before GC invocations=10 (full 0):
 garbage-first heap   total 63488K, used 47267K [0x0000000080000000, 0x0000000100000000)
  region size 1024K, 28 young (28672K), 2 survivors (2048K)
 Metaspace       used 26109K, committed 26496K, reserved 1114112K
  class space    used 3200K, committed 3392K, reserved 1048576K
}
Event: 31.593 GC heap after
{Heap after GC invocations=11 (full 0):
 garbage-first heap   total 63488K, used 23223K [0x0000000080000000, 0x0000000100000000)
  region size 1024K, 3 young (3072K), 3 survivors (3072K)
 Metaspace       used 26109K, committed 26496K, reserved 1114112K
  class space    used 3200K, committed 3392K, reserved 1048576K
}
Event: 40.998 GC heap before
{Heap before GC invocations=11 (full 0):
 garbage-first heap   total 63488K, used 50871K [0x0000000080000000, 0x0000000100000000)
  region size 1024K, 29 young (29696K), 3 survivors (3072K)
 Metaspace       used 30506K, committed 31040K, reserved 1114112K
  class space    used 3819K, committed 4096K, reserved 1048576K
}
Event: 41.019 GC heap after
{Heap after GC invocations=12 (full 0):
 garbage-first heap   total 63488K, used 24162K [0x0000000080000000, 0x0000000100000000)
  region size 1024K, 3 young (3072K), 3 survivors (3072K)
 Metaspace       used 30506K, committed 31040K, reserved 1114112K
  class space    used 3819K, committed 4096K, reserved 1048576K
}
Event: 45.368 GC heap before
{Heap before GC invocations=12 (full 0):
 garbage-first heap   total 63488K, used 50786K [0x0000000080000000, 0x0000000100000000)
  region size 1024K, 30 young (30720K), 3 survivors (3072K)
 Metaspace       used 34447K, committed 35072K, reserved 1114112K
  class space    used 4480K, committed 4800K, reserved 1048576K
}
Event: 45.391 GC heap after
{Heap after GC invocations=13 (full 0):
 garbage-first heap   total 63488K, used 25732K [0x0000000080000000, 0x0000000100000000)
  region size 1024K, 3 young (3072K), 3 survivors (3072K)
 Metaspace       used 34447K, committed 35072K, reserved 1114112K
  class space    used 4480K, committed 4800K, reserved 1048576K
}
Event: 48.327 GC heap before
{Heap before GC invocations=13 (full 0):
 garbage-first heap   total 63488K, used 31876K [0x0000000080000000, 0x0000000100000000)
  region size 1024K, 10 young (10240K), 3 survivors (3072K)
 Metaspace       used 35416K, committed 36096K, reserved 1114112K
  class space    used 4630K, committed 4928K, reserved 1048576K
}
Event: 48.346 GC heap after
{Heap after GC invocations=14 (full 0):
 garbage-first heap   total 63488K, used 26727K [0x0000000080000000, 0x0000000100000000)
  region size 1024K, 3 young (3072K), 3 survivors (3072K)
 Metaspace       used 35416K, committed 36096K, reserved 1114112K
  class space    used 4630K, committed 4928K, reserved 1048576K
}
Event: 52.602 GC heap before
{Heap before GC invocations=15 (full 0):
 garbage-first heap   total 63488K, used 52327K [0x0000000080000000, 0x0000000100000000)
  region size 1024K, 29 young (29696K), 3 survivors (3072K)
 Metaspace       used 39073K, committed 40000K, reserved 1114112K
  class space    used 5259K, committed 5696K, reserved 1048576K
}
Event: 52.626 GC heap after
{Heap after GC invocations=16 (full 0):
 garbage-first heap   total 63488K, used 27936K [0x0000000080000000, 0x0000000100000000)
  region size 1024K, 3 young (3072K), 3 survivors (3072K)
 Metaspace       used 39073K, committed 40000K, reserved 1114112K
  class space    used 5259K, committed 5696K, reserved 1048576K
}
Event: 56.088 GC heap before
{Heap before GC invocations=16 (full 0):
 garbage-first heap   total 63488K, used 54560K [0x0000000080000000, 0x0000000100000000)
  region size 1024K, 29 young (29696K), 3 survivors (3072K)
 Metaspace       used 42363K, committed 43520K, reserved 1114112K
  class space    used 5854K, committed 6400K, reserved 1048576K
}
Event: 56.111 GC heap after
{Heap after GC invocations=17 (full 0):
 garbage-first heap   total 63488K, used 29736K [0x0000000080000000, 0x0000000100000000)
  region size 1024K, 4 young (4096K), 4 survivors (4096K)
 Metaspace       used 42363K, committed 43520K, reserved 1114112K
  class space    used 5854K, committed 6400K, reserved 1048576K
}
Event: 58.524 GC heap before
{Heap before GC invocations=17 (full 0):
 garbage-first heap   total 63488K, used 54312K [0x0000000080000000, 0x0000000100000000)
  region size 1024K, 29 young (29696K), 4 survivors (4096K)
 Metaspace       used 46581K, committed 47808K, reserved 1114112K
  class space    used 6442K, committed 7040K, reserved 1048576K
}
Event: 58.553 GC heap after
{Heap after GC invocations=18 (full 0):
 garbage-first heap   total 63488K, used 31172K [0x0000000080000000, 0x0000000100000000)
  region size 1024K, 4 young (4096K), 4 survivors (4096K)
 Metaspace       used 46581K, committed 47808K, reserved 1114112K
  class space    used 6442K, committed 7040K, reserved 1048576K
}

