# JRE version: OpenJDK Runtime Environment (21.0.9) (build 21.0.9+-14787801-b1163.94)
# Java VM: OpenJDK 64-Bit Server VM (21.0.9+-14787801-b1163.94, mixed mode, tiered, compressed oops, compressed class ptrs, g1 gc, windows-amd64)
GC Precious Log:
 CardTable entry size: 512
 Card Set container configuration: InlinePtr #cards 5 size 8 Array Of Cards #cards 12 size 40 Howl #buckets 4 coarsen threshold 1843 Howl Bitmap #cards 512 size 80 coarsen threshold 460 Card regions per heap region 1 cards per card region 2048
 CPUs: 2 total, 2 available
 Memory: 3920M
 Large Page Support: Disabled
 NUMA Support: Disabled
 Compressed Oops: Enabled (32-bit)
 Heap Region Size: 1M
 Heap Min Capacity: 8M
 Heap Initial Capacity: 62M
 Heap Max Capacity: 2G
 Pre-touch: Disabled
 Parallel Workers: 2
 Concurrent Workers: 1
 Concurrent Refinement Workers: 2
 Periodic GC: Disabled
Heap:
 garbage-first heap   total 64512K, used 55166K [0x0000000080000000, 0x0000000100000000)
  region size 1024K, 23 young (23552K), 3 survivors (3072K)
 Metaspace       used 53149K, committed 54656K, reserved 1114112K
  class space    used 7460K, committed 8192K, reserved 1048576K
GC Heap History (20 events):
Event: 50.456 GC heap before
{Heap before GC invocations=6 (full 0):
 garbage-first heap   total 63488K, used 49714K [0x0000000080000000, 0x0000000100000000)
  region size 1024K, 37 young (37888K), 1 survivors (1024K)
 Metaspace       used 12950K, committed 13120K, reserved 1114112K
  class space    used 1403K, committed 1472K, reserved 1048576K
}
Event: 50.464 GC heap after
{Heap after GC invocations=7 (full 0):
 garbage-first heap   total 63488K, used 13576K [0x0000000080000000, 0x0000000100000000)
  region size 1024K, 2 young (2048K), 2 survivors (2048K)
 Metaspace       used 12950K, committed 13120K, reserved 1114112K
  class space    used 1403K, committed 1472K, reserved 1048576K
}
Event: 71.882 GC heap before
{Heap before GC invocations=7 (full 0):
 garbage-first heap   total 63488K, used 50440K [0x0000000080000000, 0x0000000100000000)
  region size 1024K, 37 young (37888K), 2 survivors (2048K)
 Metaspace       used 19660K, committed 20032K, reserved 1114112K
  class space    used 2268K, committed 2432K, reserved 1048576K
}
Event: 71.915 GC heap after
{Heap after GC invocations=8 (full 0):
 garbage-first heap   total 63488K, used 20699K [0x0000000080000000, 0x0000000100000000)
  region size 1024K, 5 young (5120K), 5 survivors (5120K)
 Metaspace       used 19660K, committed 20032K, reserved 1114112K
  class space    used 2268K, committed 2432K, reserved 1048576K
}
Event: 74.537 GC heap before
{Heap before GC invocations=8 (full 0):
 garbage-first heap   total 63488K, used 26843K [0x0000000080000000, 0x0000000100000000)
  region size 1024K, 12 young (12288K), 5 survivors (5120K)
 Metaspace       used 21166K, committed 21504K, reserved 1114112K
  class space    used 2478K, committed 2624K, reserved 1048576K
}
Event: 74.559 GC heap after
{Heap after GC invocations=9 (full 0):
 garbage-first heap   total 63488K, used 22373K [0x0000000080000000, 0x0000000100000000)
  region size 1024K, 1 young (1024K), 1 survivors (1024K)
 Metaspace       used 21166K, committed 21504K, reserved 1114112K
  class space    used 2478K, committed 2624K, reserved 1048576K
}
Event: 83.817 GC heap before
{Heap before GC invocations=10 (full 0):
 garbage-first heap   total 63488K, used 52069K [0x0000000080000000, 0x0000000100000000)
  region size 1024K, 31 young (31744K), 1 survivors (1024K)
 Metaspace       used 26696K, committed 27072K, reserved 1114112K
  class space    used 3293K, committed 3456K, reserved 1048576K
}
Event: 83.834 GC heap after
{Heap after GC invocations=11 (full 0):
 garbage-first heap   total 63488K, used 23952K [0x0000000080000000, 0x0000000100000000)
  region size 1024K, 3 young (3072K), 3 survivors (3072K)
 Metaspace       used 26696K, committed 27072K, reserved 1114112K
  class space    used 3293K, committed 3456K, reserved 1048576K
}
Event: 91.445 GC heap before
{Heap before GC invocations=11 (full 0):
 garbage-first heap   total 63488K, used 54672K [0x0000000080000000, 0x0000000100000000)
  region size 1024K, 32 young (32768K), 3 survivors (3072K)
 Metaspace       used 31459K, committed 32128K, reserved 1114112K
  class space    used 3985K, committed 4288K, reserved 1048576K
}
Event: 91.474 GC heap after
{Heap after GC invocations=12 (full 0):
 garbage-first heap   total 63488K, used 25082K [0x0000000080000000, 0x0000000100000000)
  region size 1024K, 4 young (4096K), 4 survivors (4096K)
 Metaspace       used 31459K, committed 32128K, reserved 1114112K
  class space    used 3985K, committed 4288K, reserved 1048576K
}
Event: 94.976 GC heap before
{Heap before GC invocations=12 (full 0):
 garbage-first heap   total 63488K, used 52730K [0x0000000080000000, 0x0000000100000000)
  region size 1024K, 32 young (32768K), 4 survivors (4096K)
 Metaspace       used 35351K, committed 35968K, reserved 1114112K
  class space    used 4626K, committed 4928K, reserved 1048576K
}
Event: 95.005 GC heap after
{Heap after GC invocations=13 (full 0):
 garbage-first heap   total 63488K, used 27191K [0x0000000080000000, 0x0000000100000000)
  region size 1024K, 4 young (4096K), 4 survivors (4096K)
 Metaspace       used 35351K, committed 35968K, reserved 1114112K
  class space    used 4626K, committed 4928K, reserved 1048576K
}
Event: 97.974 GC heap before
{Heap before GC invocations=14 (full 0):
 garbage-first heap   total 63488K, used 54839K [0x0000000080000000, 0x0000000100000000)
  region size 1024K, 32 young (32768K), 4 survivors (4096K)
 Metaspace       used 39334K, committed 40256K, reserved 1114112K
  class space    used 5318K, committed 5760K, reserved 1048576K
}
Event: 98.002 GC heap after
{Heap after GC invocations=15 (full 0):
 garbage-first heap   total 63488K, used 28555K [0x0000000080000000, 0x0000000100000000)
  region size 1024K, 4 young (4096K), 4 survivors (4096K)
 Metaspace       used 39334K, committed 40256K, reserved 1114112K
  class space    used 5318K, committed 5760K, reserved 1048576K
}
Event: 100.531 GC heap before
{Heap before GC invocations=15 (full 0):
 garbage-first heap   total 63488K, used 55179K [0x0000000080000000, 0x0000000100000000)
  region size 1024K, 31 young (31744K), 4 survivors (4096K)
 Metaspace       used 42656K, committed 43840K, reserved 1114112K
  class space    used 5912K, committed 6464K, reserved 1048576K
}
Event: 100.559 GC heap after
{Heap after GC invocations=16 (full 0):
 garbage-first heap   total 63488K, used 29990K [0x0000000080000000, 0x0000000100000000)
  region size 1024K, 3 young (3072K), 3 survivors (3072K)
 Metaspace       used 42656K, committed 43840K, reserved 1114112K
  class space    used 5912K, committed 6464K, reserved 1048576K
}
Event: 102.791 GC heap before
{Heap before GC invocations=16 (full 0):
 garbage-first heap   total 63488K, used 55590K [0x0000000080000000, 0x0000000100000000)
  region size 1024K, 29 young (29696K), 3 survivors (3072K)
 Metaspace       used 47427K, committed 48704K, reserved 1114112K
  class space    used 6531K, committed 7104K, reserved 1048576K
}
Event: 102.822 GC heap after
{Heap after GC invocations=17 (full 0):
 garbage-first heap   total 63488K, used 32447K [0x0000000080000000, 0x0000000100000000)
  region size 1024K, 4 young (4096K), 4 survivors (4096K)
 Metaspace       used 47427K, committed 48704K, reserved 1114112K
  class space    used 6531K, committed 7104K, reserved 1048576K
}
Event: 105.437 GC heap before
{Heap before GC invocations=17 (full 0):
 garbage-first heap   total 63488K, used 57023K [0x0000000080000000, 0x0000000100000000)
  region size 1024K, 28 young (28672K), 4 survivors (4096K)
 Metaspace       used 50606K, committed 51968K, reserved 1114112K
  class space    used 7025K, committed 7680K, reserved 1048576K
}
Event: 105.483 GC heap after
{Heap after GC invocations=18 (full 0):
 garbage-first heap   total 64512K, used 35710K [0x0000000080000000, 0x0000000100000000)
  region size 1024K, 3 young (3072K), 3 survivors (3072K)
 Metaspace       used 50606K, committed 51968K, reserved 1114112K
  class space    used 7025K, committed 7680K, reserved 1048576K
}

