# JRE version: OpenJDK Runtime Environment (21.0.9) (build 21.0.9+-14787801-b1163.94)
# Java VM: OpenJDK 64-Bit Server VM (21.0.9+-14787801-b1163.94, mixed mode, tiered, compressed oops, compressed class ptrs, g1 gc, windows-amd64)
GC Precious Log:
 CardTable entry size: 512
 Card Set container configuration: InlinePtr #cards 5 size 8 Array Of Cards #cards 12 size 40 Howl #buckets 4 coarsen threshold 1843 Howl Bitmap #cards 512 size 80 coarsen threshold 460 Card regions per heap region 1 cards per card region 2048
 CPUs: 2 total, 2 available
 Memory: 3920M
 Large Page Support: Disabled
 NUMA Support: Disabled
 Compressed Oops: Enabled (32-bit)
 Heap Region Size: 1M
 Heap Min Capacity: 8M
 Heap Initial Capacity: 62M
 Heap Max Capacity: 2G
 Pre-touch: Disabled
 Parallel Workers: 2
 Concurrent Workers: 1
 Concurrent Refinement Workers: 2
 Periodic GC: Disabled
Heap:
 garbage-first heap   total 95232K, used 47233K [0x0000000080000000, 0x0000000100000000)
  region size 1024K, 7 young (7168K), 1 survivors (1024K)
 Metaspace       used 57993K, committed 59648K, reserved 1114112K
  class space    used 8207K, committed 8960K, reserved 1048576K
GC Heap History (20 events):
Event: 77.209 GC heap before
{Heap before GC invocations=15 (full 0):
 garbage-first heap   total 63488K, used 52685K [0x0000000080000000, 0x0000000100000000)
  region size 1024K, 29 young (29696K), 3 survivors (3072K)
 Metaspace       used 38968K, committed 39808K, reserved 1114112K
  class space    used 5244K, committed 5632K, reserved 1048576K
}
Event: 77.241 GC heap after
{Heap after GC invocations=16 (full 0):
 garbage-first heap   total 63488K, used 28185K [0x0000000080000000, 0x0000000100000000)
  region size 1024K, 2 young (2048K), 2 survivors (2048K)
 Metaspace       used 38968K, committed 39808K, reserved 1114112K
  class space    used 5244K, committed 5632K, reserved 1048576K
}
Event: 82.023 GC heap before
{Heap before GC invocations=16 (full 0):
 garbage-first heap   total 63488K, used 54809K [0x0000000080000000, 0x0000000100000000)
  region size 1024K, 28 young (28672K), 2 survivors (2048K)
 Metaspace       used 42328K, committed 43456K, reserved 1114112K
  class space    used 5840K, committed 6400K, reserved 1048576K
}
Event: 82.056 GC heap after
{Heap after GC invocations=17 (full 0):
 garbage-first heap   total 63488K, used 29783K [0x0000000080000000, 0x0000000100000000)
  region size 1024K, 4 young (4096K), 4 survivors (4096K)
 Metaspace       used 42328K, committed 43456K, reserved 1114112K
  class space    used 5840K, committed 6400K, reserved 1048576K
}
Event: 83.903 GC heap before
{Heap before GC invocations=17 (full 0):
 garbage-first heap   total 63488K, used 54359K [0x0000000080000000, 0x0000000100000000)
  region size 1024K, 29 young (29696K), 4 survivors (4096K)
 Metaspace       used 46559K, committed 47808K, reserved 1114112K
  class space    used 6436K, committed 7040K, reserved 1048576K
}
Event: 83.941 GC heap after
{Heap after GC invocations=18 (full 0):
 garbage-first heap   total 63488K, used 31354K [0x0000000080000000, 0x0000000100000000)
  region size 1024K, 4 young (4096K), 4 survivors (4096K)
 Metaspace       used 46559K, committed 47808K, reserved 1114112K
  class space    used 6436K, committed 7040K, reserved 1048576K
}
Event: 87.848 GC heap before
{Heap before GC invocations=18 (full 0):
 garbage-first heap   total 63488K, used 54906K [0x0000000080000000, 0x0000000100000000)
  region size 1024K, 28 young (28672K), 4 survivors (4096K)
 Metaspace       used 50122K, committed 51456K, reserved 1114112K
  class space    used 6924K, committed 7552K, reserved 1048576K
}
Event: 87.904 GC heap after
{Heap after GC invocations=19 (full 0):
 garbage-first heap   total 63488K, used 34440K [0x0000000080000000, 0x0000000100000000)
  region size 1024K, 4 young (4096K), 4 survivors (4096K)
 Metaspace       used 50122K, committed 51456K, reserved 1114112K
  class space    used 6924K, committed 7552K, reserved 1048576K
}
Event: 89.942 GC heap before
{Heap before GC invocations=20 (full 0):
 garbage-first heap   total 63488K, used 54920K [0x0000000080000000, 0x0000000100000000)
  region size 1024K, 25 young (25600K), 4 survivors (4096K)
 Metaspace       used 52802K, committed 54272K, reserved 1114112K
  class space    used 7380K, committed 8064K, reserved 1048576K
}
Event: 89.987 GC heap after
{Heap after GC invocations=21 (full 0):
 garbage-first heap   total 63488K, used 36379K [0x0000000080000000, 0x0000000100000000)
  region size 1024K, 2 young (2048K), 2 survivors (2048K)
 Metaspace       used 52802K, committed 54272K, reserved 1114112K
  class space    used 7380K, committed 8064K, reserved 1048576K
}
Event: 96.183 GC heap before
{Heap before GC invocations=21 (full 0):
 garbage-first heap   total 63488K, used 55835K [0x0000000080000000, 0x0000000100000000)
  region size 1024K, 22 young (22528K), 2 survivors (2048K)
 Metaspace       used 54964K, committed 56576K, reserved 1114112K
  class space    used 7756K, committed 8512K, reserved 1048576K
}
Event: 96.217 GC heap after
{Heap after GC invocations=22 (full 0):
 garbage-first heap   total 63488K, used 37812K [0x0000000080000000, 0x0000000100000000)
  region size 1024K, 3 young (3072K), 3 survivors (3072K)
 Metaspace       used 54964K, committed 56576K, reserved 1114112K
  class space    used 7756K, committed 8512K, reserved 1048576K
}
Event: 103.033 GC heap before
{Heap before GC invocations=22 (full 0):
 garbage-first heap   total 63488K, used 52148K [0x0000000080000000, 0x0000000100000000)
  region size 1024K, 19 young (19456K), 3 survivors (3072K)
 Metaspace       used 55441K, committed 57024K, reserved 1114112K
  class space    used 7785K, committed 8512K, reserved 1048576K
}
Event: 103.057 GC heap after
{Heap after GC invocations=23 (full 0):
 garbage-first heap   total 63488K, used 38926K [0x0000000080000000, 0x0000000100000000)
  region size 1024K, 3 young (3072K), 3 survivors (3072K)
 Metaspace       used 55441K, committed 57024K, reserved 1114112K
  class space    used 7785K, committed 8512K, reserved 1048576K
}
Event: 105.909 GC heap before
{Heap before GC invocations=24 (full 0):
 garbage-first heap   total 66560K, used 59406K [0x0000000080000000, 0x0000000100000000)
  region size 1024K, 21 young (21504K), 3 survivors (3072K)
 Metaspace       used 56616K, committed 58240K, reserved 1114112K
  class space    used 7966K, committed 8704K, reserved 1048576K
}
Event: 105.942 GC heap after
{Heap after GC invocations=25 (full 0):
 garbage-first heap   total 66560K, used 43008K [0x0000000080000000, 0x0000000100000000)
  region size 1024K, 3 young (3072K), 3 survivors (3072K)
 Metaspace       used 56616K, committed 58240K, reserved 1114112K
  class space    used 7966K, committed 8704K, reserved 1048576K
}
Event: 106.113 GC heap before
{Heap before GC invocations=25 (full 0):
 garbage-first heap   total 66560K, used 60416K [0x0000000080000000, 0x0000000100000000)
  region size 1024K, 20 young (20480K), 3 survivors (3072K)
 Metaspace       used 56616K, committed 58240K, reserved 1114112K
  class space    used 7966K, committed 8704K, reserved 1048576K
}
Event: 106.135 GC heap after
{Heap after GC invocations=26 (full 0):
 garbage-first heap   total 66560K, used 43124K [0x0000000080000000, 0x0000000100000000)
  region size 1024K, 1 young (1024K), 1 survivors (1024K)
 Metaspace       used 56616K, committed 58240K, reserved 1114112K
  class space    used 7966K, committed 8704K, reserved 1048576K
}
Event: 106.846 GC heap before
{Heap before GC invocations=26 (full 0):
 garbage-first heap   total 66560K, used 60532K [0x0000000080000000, 0x0000000100000000)
  region size 1024K, 18 young (18432K), 1 survivors (1024K)
 Metaspace       used 57315K, committed 59008K, reserved 1114112K
  class space    used 8092K, committed 8896K, reserved 1048576K
}
Event: 106.856 GC heap after
{Heap after GC invocations=27 (full 0):
 garbage-first heap   total 95232K, used 43137K [0x0000000080000000, 0x0000000100000000)
  region size 1024K, 1 young (1024K), 1 survivors (1024K)
 Metaspace       used 57315K, committed 59008K, reserved 1114112K
  class space    used 8092K, committed 8896K, reserved 1048576K
}

