# JRE version: OpenJDK Runtime Environment (21.0.9) (build 21.0.9+-14787801-b1163.94)
# Java VM: OpenJDK 64-Bit Server VM (21.0.9+-14787801-b1163.94, mixed mode, tiered, compressed oops, compressed class ptrs, g1 gc, windows-amd64)
GC Precious Log:
 CardTable entry size: 512
 Card Set container configuration: InlinePtr #cards 5 size 8 Array Of Cards #cards 12 size 40 Howl #buckets 4 coarsen threshold 1843 Howl Bitmap #cards 512 size 80 coarsen threshold 460 Card regions per heap region 1 cards per card region 2048
 CPUs: 2 total, 2 available
 Memory: 3920M
 Large Page Support: Disabled
 NUMA Support: Disabled
 Compressed Oops: Enabled (32-bit)
 Heap Region Size: 1M
 Heap Min Capacity: 8M
 Heap Initial Capacity: 62M
 Heap Max Capacity: 2G
 Pre-touch: Disabled
 Parallel Workers: 2
 Concurrent Workers: 1
 Concurrent Refinement Workers: 2
 Periodic GC: Disabled
Heap:
 garbage-first heap   total 87040K, used 54759K [0x0000000080000000, 0x0000000100000000)
  region size 1024K, 7 young (7168K), 3 survivors (3072K)
 Metaspace       used 71575K, committed 73472K, reserved 1114112K
  class space    used 10172K, committed 11072K, reserved 1048576K
GC Heap History (20 events):
Event: 254.083 GC heap before
{Heap before GC invocations=25 (full 0):
 garbage-first heap   total 70656K, used 62184K [0x0000000080000000, 0x0000000100000000)
  region size 1024K, 22 young (22528K), 3 survivors (3072K)
 Metaspace       used 56567K, committed 58240K, reserved 1114112K
  class space    used 7965K, committed 8768K, reserved 1048576K
}
Event: 254.113 GC heap after
{Heap after GC invocations=26 (full 0):
 garbage-first heap   total 70656K, used 42773K [0x0000000080000000, 0x0000000100000000)
  region size 1024K, 1 young (1024K), 1 survivors (1024K)
 Metaspace       used 56567K, committed 58240K, reserved 1114112K
  class space    used 7965K, committed 8768K, reserved 1048576K
}
Event: 257.055 GC heap before
{Heap before GC invocations=26 (full 0):
 garbage-first heap   total 70656K, used 63253K [0x0000000080000000, 0x0000000100000000)
  region size 1024K, 21 young (21504K), 1 survivors (1024K)
 Metaspace       used 57847K, committed 59520K, reserved 1114112K
  class space    used 8193K, committed 8960K, reserved 1048576K
}
Event: 257.064 GC heap after
{Heap after GC invocations=27 (full 0):
 garbage-first heap   total 70656K, used 43050K [0x0000000080000000, 0x0000000100000000)
  region size 1024K, 1 young (1024K), 1 survivors (1024K)
 Metaspace       used 57847K, committed 59520K, reserved 1114112K
  class space    used 8193K, committed 8960K, reserved 1048576K
}
Event: 263.833 GC heap before
{Heap before GC invocations=28 (full 0):
 garbage-first heap   total 73728K, used 63530K [0x0000000080000000, 0x0000000100000000)
  region size 1024K, 21 young (21504K), 1 survivors (1024K)
 Metaspace       used 60110K, committed 61824K, reserved 1114112K
  class space    used 8520K, committed 9344K, reserved 1048576K
}
Event: 263.847 GC heap after
{Heap after GC invocations=29 (full 0):
 garbage-first heap   total 73728K, used 44040K [0x0000000080000000, 0x0000000100000000)
  region size 1024K, 2 young (2048K), 2 survivors (2048K)
 Metaspace       used 60110K, committed 61824K, reserved 1114112K
  class space    used 8520K, committed 9344K, reserved 1048576K
}
Event: 265.898 GC heap before
{Heap before GC invocations=29 (full 0):
 garbage-first heap   total 73728K, used 66568K [0x0000000080000000, 0x0000000100000000)
  region size 1024K, 24 young (24576K), 2 survivors (2048K)
 Metaspace       used 63175K, committed 64832K, reserved 1114112K
  class space    used 8941K, committed 9728K, reserved 1048576K
}
Event: 265.918 GC heap after
{Heap after GC invocations=30 (full 0):
 garbage-first heap   total 73728K, used 44581K [0x0000000080000000, 0x0000000100000000)
  region size 1024K, 2 young (2048K), 2 survivors (2048K)
 Metaspace       used 63175K, committed 64832K, reserved 1114112K
  class space    used 8941K, committed 9728K, reserved 1048576K
}
Event: 268.587 GC heap before
{Heap before GC invocations=30 (full 0):
 garbage-first heap   total 73728K, used 67109K [0x0000000080000000, 0x0000000100000000)
  region size 1024K, 24 young (24576K), 2 survivors (2048K)
 Metaspace       used 66273K, committed 68096K, reserved 1114112K
  class space    used 9448K, committed 10304K, reserved 1048576K
}
Event: 268.630 GC heap after
{Heap after GC invocations=31 (full 0):
 garbage-first heap   total 73728K, used 45801K [0x0000000080000000, 0x0000000100000000)
  region size 1024K, 2 young (2048K), 2 survivors (2048K)
 Metaspace       used 66273K, committed 68096K, reserved 1114112K
  class space    used 9448K, committed 10304K, reserved 1048576K
}
Event: 272.311 GC heap before
{Heap before GC invocations=32 (full 0):
 garbage-first heap   total 76800K, used 68329K [0x0000000080000000, 0x0000000100000000)
  region size 1024K, 24 young (24576K), 2 survivors (2048K)
 Metaspace       used 69066K, committed 70912K, reserved 1114112K
  class space    used 9870K, committed 10752K, reserved 1048576K
}
Event: 272.335 GC heap after
{Heap after GC invocations=33 (full 0):
 garbage-first heap   total 76800K, used 46767K [0x0000000080000000, 0x0000000100000000)
  region size 1024K, 3 young (3072K), 3 survivors (3072K)
 Metaspace       used 69066K, committed 70912K, reserved 1114112K
  class space    used 9870K, committed 10752K, reserved 1048576K
}
Event: 275.954 GC heap before
{Heap before GC invocations=33 (full 0):
 garbage-first heap   total 76800K, used 69295K [0x0000000080000000, 0x0000000100000000)
  region size 1024K, 26 young (26624K), 3 survivors (3072K)
 Metaspace       used 70972K, committed 72896K, reserved 1114112K
  class space    used 10155K, committed 11072K, reserved 1048576K
}
Event: 275.993 GC heap after
{Heap after GC invocations=34 (full 0):
 garbage-first heap   total 77824K, used 49708K [0x0000000080000000, 0x0000000100000000)
  region size 1024K, 4 young (4096K), 4 survivors (4096K)
 Metaspace       used 70972K, committed 72896K, reserved 1114112K
  class space    used 10155K, committed 11072K, reserved 1048576K
}
Event: 290.094 GC heap before
{Heap before GC invocations=34 (full 0):
 garbage-first heap   total 77824K, used 70188K [0x0000000080000000, 0x0000000100000000)
  region size 1024K, 25 young (25600K), 4 survivors (4096K)
 Metaspace       used 71368K, committed 73280K, reserved 1114112K
  class space    used 10172K, committed 11072K, reserved 1048576K
}
Event: 290.151 GC heap after
{Heap after GC invocations=35 (full 0):
 garbage-first heap   total 77824K, used 51601K [0x0000000080000000, 0x0000000100000000)
  region size 1024K, 2 young (2048K), 2 survivors (2048K)
 Metaspace       used 71368K, committed 73280K, reserved 1114112K
  class space    used 10172K, committed 11072K, reserved 1048576K
}
Event: 296.303 GC heap before
{Heap before GC invocations=36 (full 0):
 garbage-first heap   total 87040K, used 71057K [0x0000000080000000, 0x0000000100000000)
  region size 1024K, 22 young (22528K), 2 survivors (2048K)
 Metaspace       used 71448K, committed 73344K, reserved 1114112K
  class space    used 10172K, committed 11072K, reserved 1048576K
}
Event: 296.320 GC heap after
{Heap after GC invocations=37 (full 0):
 garbage-first heap   total 87040K, used 51816K [0x0000000080000000, 0x0000000100000000)
  region size 1024K, 2 young (2048K), 2 survivors (2048K)
 Metaspace       used 71448K, committed 73344K, reserved 1114112K
  class space    used 10172K, committed 11072K, reserved 1048576K
}
Event: 298.761 GC heap before
{Heap before GC invocations=37 (full 0):
 garbage-first heap   total 87040K, used 78440K [0x0000000080000000, 0x0000000100000000)
  region size 1024K, 29 young (29696K), 2 survivors (2048K)
 Metaspace       used 71575K, committed 73472K, reserved 1114112K
  class space    used 10172K, committed 11072K, reserved 1048576K
}
Event: 298.785 GC heap after
{Heap after GC invocations=38 (full 0):
 garbage-first heap   total 87040K, used 51687K [0x0000000080000000, 0x0000000100000000)
  region size 1024K, 3 young (3072K), 3 survivors (3072K)
 Metaspace       used 71575K, committed 73472K, reserved 1114112K
  class space    used 10172K, committed 11072K, reserved 1048576K
}

