# JRE version: OpenJDK Runtime Environment (21.0.9) (build 21.0.9+-14787801-b1163.94)
# Java VM: OpenJDK 64-Bit Server VM (21.0.9+-14787801-b1163.94, mixed mode, tiered, compressed oops, compressed class ptrs, g1 gc, windows-amd64)
GC Precious Log:
 CardTable entry size: 512
 Card Set container configuration: InlinePtr #cards 5 size 8 Array Of Cards #cards 12 size 40 Howl #buckets 4 coarsen threshold 1843 Howl Bitmap #cards 512 size 80 coarsen threshold 460 Card regions per heap region 1 cards per card region 2048
 CPUs: 2 total, 2 available
 Memory: 3920M
 Large Page Support: Disabled
 NUMA Support: Disabled
 Compressed Oops: Enabled (32-bit)
 Heap Region Size: 1M
 Heap Min Capacity: 8M
 Heap Initial Capacity: 62M
 Heap Max Capacity: 2G
 Pre-touch: Disabled
 Parallel Workers: 2
 Concurrent Workers: 1
 Concurrent Refinement Workers: 2
 Periodic GC: Disabled
Heap:
 garbage-first heap   total 158720K, used 131229K [0x0000000080000000, 0x0000000100000000)
  region size 1024K, 42 young (43008K), 5 survivors (5120K)
 Metaspace       used 109524K, committed 111872K, reserved 1179648K
  class space    used 15581K, committed 16704K, reserved 1048576K
GC Heap History (20 events):
Event: 181.672 GC heap before
{Heap before GC invocations=51 (full 0):
 garbage-first heap   total 131072K, used 85362K [0x0000000080000000, 0x0000000100000000)
  region size 1024K, 12 young (12288K), 2 survivors (2048K)
 Metaspace       used 79692K, committed 81728K, reserved 1179648K
  class space    used 11224K, committed 12224K, reserved 1048576K
}
Event: 181.712 GC heap after
{Heap after GC invocations=52 (full 0):
 garbage-first heap   total 131072K, used 76272K [0x0000000080000000, 0x0000000100000000)
  region size 1024K, 2 young (2048K), 2 survivors (2048K)
 Metaspace       used 79692K, committed 81728K, reserved 1179648K
  class space    used 11224K, committed 12224K, reserved 1048576K
}
Event: 187.739 GC heap before
{Heap before GC invocations=53 (full 0):
 garbage-first heap   total 131072K, used 120304K [0x0000000080000000, 0x0000000100000000)
  region size 1024K, 43 young (44032K), 2 survivors (2048K)
 Metaspace       used 83658K, committed 85760K, reserved 1179648K
  class space    used 11760K, committed 12800K, reserved 1048576K
}
Event: 187.763 GC heap after
{Heap after GC invocations=54 (full 0):
 garbage-first heap   total 131072K, used 80418K [0x0000000080000000, 0x0000000100000000)
  region size 1024K, 4 young (4096K), 4 survivors (4096K)
 Metaspace       used 83658K, committed 85760K, reserved 1179648K
  class space    used 11760K, committed 12800K, reserved 1048576K
}
Event: 190.925 GC heap before
{Heap before GC invocations=54 (full 0):
 garbage-first heap   total 131072K, used 124450K [0x0000000080000000, 0x0000000100000000)
  region size 1024K, 43 young (44032K), 4 survivors (4096K)
 Metaspace       used 86200K, committed 88256K, reserved 1179648K
  class space    used 12097K, committed 13120K, reserved 1048576K
}
Event: 190.988 GC heap after
{Heap after GC invocations=55 (full 0):
 garbage-first heap   total 134144K, used 83550K [0x0000000080000000, 0x0000000100000000)
  region size 1024K, 6 young (6144K), 6 survivors (6144K)
 Metaspace       used 86200K, committed 88256K, reserved 1179648K
  class space    used 12097K, committed 13120K, reserved 1048576K
}
Event: 194.255 GC heap before
{Heap before GC invocations=55 (full 0):
 garbage-first heap   total 134144K, used 122462K [0x0000000080000000, 0x0000000100000000)
  region size 1024K, 44 young (45056K), 6 survivors (6144K)
 Metaspace       used 88924K, committed 91008K, reserved 1179648K
  class space    used 12451K, committed 13440K, reserved 1048576K
}
Event: 194.294 GC heap after
{Heap after GC invocations=56 (full 0):
 garbage-first heap   total 134144K, used 86010K [0x0000000080000000, 0x0000000100000000)
  region size 1024K, 2 young (2048K), 2 survivors (2048K)
 Metaspace       used 88924K, committed 91008K, reserved 1179648K
  class space    used 12451K, committed 13440K, reserved 1048576K
}
Event: 204.086 GC heap before
{Heap before GC invocations=57 (full 0):
 garbage-first heap   total 143360K, used 122874K [0x0000000080000000, 0x0000000100000000)
  region size 1024K, 39 young (39936K), 2 survivors (2048K)
 Metaspace       used 91032K, committed 93184K, reserved 1179648K
  class space    used 12706K, committed 13760K, reserved 1048576K
}
Event: 204.140 GC heap after
{Heap after GC invocations=58 (full 0):
 garbage-first heap   total 143360K, used 87512K [0x0000000080000000, 0x0000000100000000)
  region size 1024K, 4 young (4096K), 4 survivors (4096K)
 Metaspace       used 91032K, committed 93184K, reserved 1179648K
  class space    used 12706K, committed 13760K, reserved 1048576K
}
Event: 208.030 GC heap before
{Heap before GC invocations=58 (full 0):
 garbage-first heap   total 143360K, used 131544K [0x0000000080000000, 0x0000000100000000)
  region size 1024K, 47 young (48128K), 4 survivors (4096K)
 Metaspace       used 93929K, committed 96064K, reserved 1179648K
  class space    used 13113K, committed 14144K, reserved 1048576K
}
Event: 208.085 GC heap after
{Heap after GC invocations=59 (full 0):
 garbage-first heap   total 143360K, used 87904K [0x0000000080000000, 0x0000000100000000)
  region size 1024K, 4 young (4096K), 4 survivors (4096K)
 Metaspace       used 93929K, committed 96064K, reserved 1179648K
  class space    used 13113K, committed 14144K, reserved 1048576K
}
Event: 213.458 GC heap before
{Heap before GC invocations=59 (full 0):
 garbage-first heap   total 143360K, used 131936K [0x0000000080000000, 0x0000000100000000)
  region size 1024K, 47 young (48128K), 4 survivors (4096K)
 Metaspace       used 96857K, committed 99072K, reserved 1179648K
  class space    used 13608K, committed 14656K, reserved 1048576K
}
Event: 213.493 GC heap after
{Heap after GC invocations=60 (full 0):
 garbage-first heap   total 143360K, used 89269K [0x0000000080000000, 0x0000000100000000)
  region size 1024K, 3 young (3072K), 3 survivors (3072K)
 Metaspace       used 96857K, committed 99072K, reserved 1179648K
  class space    used 13608K, committed 14656K, reserved 1048576K
}
Event: 217.789 GC heap before
{Heap before GC invocations=61 (full 0):
 garbage-first heap   total 150528K, used 134325K [0x0000000080000000, 0x0000000100000000)
  region size 1024K, 47 young (48128K), 3 survivors (3072K)
 Metaspace       used 99867K, committed 102080K, reserved 1179648K
  class space    used 14155K, committed 15232K, reserved 1048576K
}
Event: 217.818 GC heap after
{Heap after GC invocations=62 (full 0):
 garbage-first heap   total 150528K, used 90421K [0x0000000080000000, 0x0000000100000000)
  region size 1024K, 5 young (5120K), 5 survivors (5120K)
 Metaspace       used 99867K, committed 102080K, reserved 1179648K
  class space    used 14155K, committed 15232K, reserved 1048576K
}
Event: 229.660 GC heap before
{Heap before GC invocations=62 (full 0):
 garbage-first heap   total 150528K, used 139573K [0x0000000080000000, 0x0000000100000000)
  region size 1024K, 53 young (54272K), 5 survivors (5120K)
 Metaspace       used 103347K, committed 105600K, reserved 1179648K
  class space    used 14666K, committed 15744K, reserved 1048576K
}
Event: 229.736 GC heap after
{Heap after GC invocations=63 (full 0):
 garbage-first heap   total 150528K, used 92042K [0x0000000080000000, 0x0000000100000000)
  region size 1024K, 5 young (5120K), 5 survivors (5120K)
 Metaspace       used 103347K, committed 105600K, reserved 1179648K
  class space    used 14666K, committed 15744K, reserved 1048576K
}
Event: 238.608 GC heap before
{Heap before GC invocations=63 (full 0):
 garbage-first heap   total 150528K, used 141194K [0x0000000080000000, 0x0000000100000000)
  region size 1024K, 53 young (54272K), 5 survivors (5120K)
 Metaspace       used 106631K, committed 108864K, reserved 1179648K
  class space    used 15181K, committed 16256K, reserved 1048576K
}
Event: 238.726 GC heap after
{Heap after GC invocations=64 (full 0):
 garbage-first heap   total 150528K, used 94365K [0x0000000080000000, 0x0000000100000000)
  region size 1024K, 5 young (5120K), 5 survivors (5120K)
 Metaspace       used 106631K, committed 108864K, reserved 1179648K
  class space    used 15181K, committed 16256K, reserved 1048576K
}

